0438 start_logger              160 ---- 2023/02/12 10:12:13.433 -------------------------------------------------
0438 start_logger              166 Host process is 'cmd.exe' (pid 1080)
0438 start_logger              170 DLL path is 'C:\Users\Francis R\Desktop\ingenieria de software II\vendor\clink'
0438 start_logger              185 Windows version 10.0.19045 (x64)
0438 start_logger              188 Clink version 1.4.4.7fe1ca (x64)
0438 hook_setter::hook_setter  159 >>> Started hook transaction.
0438 hook_setter::attach_iat   316 Attempting to hook SetEnvironmentVariableW in IAT for module 00007FF6B5240000.
0438 pe_info::iterate_imports  159 Found import in 'api-ms-win-core-processenvironment-l1-1-0.dll'
0438 find_iat                  124 Found import at 00007FF6B5273860 (value is 00007FF9BB83D790).
0438 hook_setter::attach_iat   316 Attempting to hook WriteConsoleW in IAT for module 00007FF6B5240000.
0438 pe_info::iterate_imports  159 Found import in 'api-ms-win-core-console-l1-1-0.dll'
0438 find_iat                  124 Found import at 00007FF6B52734F8 (value is 00007FF9BB7E7670).
0438 hook_setter::attach_iat   316 Attempting to hook GetEnvironmentVariableW in IAT for module 00007FF6B5240000.
0438 pe_info::iterate_imports  159 Found import in 'api-ms-win-core-processenvironment-l1-1-0.dll'
0438 find_iat                  124 Found import at 00007FF6B5273880 (value is 00007FF9BB805240).
0438 hook_setter::commit       207 <<< Hook transaction committed.
0438 hook_setter::hook_setter  159 >>> Started hook transaction.
0438 hook_setter::detach_iat   359 Attempting to unhook 00007FF95B699710 from GetEnvironmentVariableW in IAT for module 00007FF6B5240000.
0438 pe_info::iterate_imports  159 Found import in 'api-ms-win-core-processenvironment-l1-1-0.dll'
0438 find_iat                  124 Found import at 00007FF6B5273880 (value is 00007FF95B699710).
0438 hook_setter::commit       207 <<< Hook transaction committed.
0438 hook_setter::hook_setter  159 >>> Started hook transaction.
0438 hook_setter::attach_iat   316 Attempting to hook ReadConsoleW in IAT for module 00007FF6B5240000.
0438 pe_info::iterate_imports  159 Found import in 'api-ms-win-core-console-l1-1-0.dll'
0438 find_iat                  124 Found import at 00007FF6B52734E0 (value is 00007FF9BB8D2FB0).
0438 hook_setter::commit       207 <<< Hook transaction committed.
0438 hook_setter::hook_setter  159 >>> Started hook transaction.
0438 hook_setter::attach_iat   316 Attempting to hook SetConsoleTitleW in IAT for module 00007FF6B5240000.
0438 pe_info::iterate_imports  159 Found import in 'api-ms-win-core-console-l2-2-0.dll'
0438 find_iat                  124 Found import at 00007FF6B5273558 (value is 00007FF9BB84F1B0).
0438 hook_setter::commit       207 <<< Hook transaction committed.
0438 win_screen_buffer::begin  228 Using native terminal support; found 'ConEmuHk64.dll'.
0438 reset_handle              144 resetting mismatched stdout handle
0438 host_lua::load_scripts    158 Loaded 2 Lua scripts in 2571 ms
0438 =?                          0 Clink updater: updating because there is no record of having updated before.
0438 history_db::initialise   1264 master bank ctag: |CTAG_1675994456_2337137781_11368_0
0438 history_db::compact      1526 History:  35 active, 27 deleted
0438 =?                          0 Clink updater: unable to update because another update may be in progress; C:\Users\FRANCI~1\AppData\Local\Temp\clink\updater\updating: Permission denied
0438 history_db::compact      1526 History:  36 active, 27 deleted
0438 reset_handle              144 resetting mismatched stdout handle
0438 history_db::compact      1526 History:  37 active, 27 deleted
0438 reset_handle              144 resetting mismatched stdout handle
0438 history_db::compact      1526 History:  37 active, 28 deleted
0438 reset_handle              144 resetting mismatched stdout handle
0438 history_db::compact      1526 History:  37 active, 29 deleted
